execve("/sbin/wpa_cli", ["wpa_cli", "wps_pbc"], [/* 16 vars */]) = 0
brk(0)                                  = 0x1fba000
uname({sys="Linux", node="RPi-01", ...}) = 0
access("/etc/ld.so.nohwcap", F_OK)      = -1 ENOENT (No such file or directory)
mmap2(NULL, 8192, PROT_READ|PROT_WRITE, MAP_PRIVATE|MAP_ANONYMOUS, -1, 0) = 0xb6f36000
access("/etc/ld.so.preload", R_OK)      = 0
open("/etc/ld.so.preload", O_RDONLY)    = 3
fstat64(3, {st_mode=S_IFREG|0644, st_size=44, ...}) = 0
mmap2(NULL, 44, PROT_READ|PROT_WRITE, MAP_PRIVATE, 3, 0) = 0xb6f35000
close(3)                                = 0
open("/usr/lib/arm-linux-gnueabihf/libcofi_rpi.so", O_RDONLY) = 3
read(3, "\177ELF\1\1\1\0\0\0\0\0\0\0\0\0\3\0(\0\1\0\0\0\270\4\0\0004\0\0\0"..., 512) = 512
lseek(3, 7276, SEEK_SET)                = 7276
read(3, "\0\0\0\0\0\0\0\0\0\0\0\0\0\0\0\0\0\0\0\0\0\0\0\0\0\0\0\0\0\0\0\0"..., 1080) = 1080
lseek(3, 7001, SEEK_SET)                = 7001
read(3, "A.\0\0\0aeabi\0\1$\0\0\0\0056\0\6\6\10\1\t\1\n\2\22\4\24\1\25"..., 47) = 47
fstat64(3, {st_mode=S_IFREG|0755, st_size=10170, ...}) = 0
mmap2(NULL, 39740, PROT_READ|PROT_EXEC, MAP_PRIVATE|MAP_DENYWRITE, 3, 0) = 0xb6f09000
mprotect(0xb6f0b000, 28672, PROT_NONE)  = 0
mmap2(0xb6f12000, 4096, PROT_READ|PROT_WRITE, MAP_PRIVATE|MAP_FIXED|MAP_DENYWRITE, 3, 0x1) = 0xb6f12000
close(3)                                = 0
munmap(0xb6f35000, 44)                  = 0
open("/etc/ld.so.cache", O_RDONLY)      = 3
fstat64(3, {st_mode=S_IFREG|0644, st_size=56475, ...}) = 0
mmap2(NULL, 56475, PROT_READ, MAP_PRIVATE, 3, 0) = 0xb6efb000
close(3)                                = 0
access("/etc/ld.so.nohwcap", F_OK)      = -1 ENOENT (No such file or directory)
open("/lib/arm-linux-gnueabihf/libncurses.so.5", O_RDONLY) = 3
read(3, "\177ELF\1\1\1\0\0\0\0\0\0\0\0\0\3\0(\0\1\0\0\0HV\0\0004\0\0\0"..., 512) = 512
lseek(3, 107768, SEEK_SET)              = 107768
read(3, "\0\0\0\0\0\0\0\0\0\0\0\0\0\0\0\0\0\0\0\0\0\0\0\0\0\0\0\0\0\0\0\0"..., 1040) = 1040
lseek(3, 107472, SEEK_SET)              = 107472
read(3, "A0\0\0\0aeabi\0\1&\0\0\0\0056\0\6\6\10\1\t\1\n\2\22\4\24\1\25"..., 49) = 49
fstat64(3, {st_mode=S_IFREG|0644, st_size=108808, ...}) = 0
mmap2(NULL, 140548, PROT_READ|PROT_EXEC, MAP_PRIVATE|MAP_DENYWRITE, 3, 0) = 0xb6ed8000
mprotect(0xb6ef2000, 28672, PROT_NONE)  = 0
mmap2(0xb6ef9000, 8192, PROT_READ|PROT_WRITE, MAP_PRIVATE|MAP_FIXED|MAP_DENYWRITE, 3, 0x19) = 0xb6ef9000
close(3)                                = 0
access("/etc/ld.so.nohwcap", F_OK)      = -1 ENOENT (No such file or directory)
open("/lib/arm-linux-gnueabihf/libtinfo.so.5", O_RDONLY) = 3
read(3, "\177ELF\1\1\1\0\0\0\0\0\0\0\0\0\3\0(\0\1\0\0\0\354b\0\0004\0\0\0"..., 512) = 512
lseek(3, 112180, SEEK_SET)              = 112180
read(3, "\0\0\0\0\0\0\0\0\0\0\0\0\0\0\0\0\0\0\0\0\0\0\0\0\0\0\0\0\0\0\0\0"..., 1080) = 1080
lseek(3, 111872, SEEK_SET)              = 111872
read(3, "A0\0\0\0aeabi\0\1&\0\0\0\0056\0\6\6\10\1\t\1\n\2\22\4\24\1\25"..., 49) = 49
fstat64(3, {st_mode=S_IFREG|0644, st_size=113260, ...}) = 0
mmap2(NULL, 145536, PROT_READ|PROT_EXEC, MAP_PRIVATE|MAP_DENYWRITE, 3, 0) = 0xb6eb4000
mprotect(0xb6ece000, 28672, PROT_NONE)  = 0
mmap2(0xb6ed5000, 12288, PROT_READ|PROT_WRITE, MAP_PRIVATE|MAP_FIXED|MAP_DENYWRITE, 3, 0x19) = 0xb6ed5000
close(3)                                = 0
access("/etc/ld.so.nohwcap", F_OK)      = -1 ENOENT (No such file or directory)
open("/lib/arm-linux-gnueabihf/libreadline.so.5", O_RDONLY) = 3
read(3, "\177ELF\1\1\1\0\0\0\0\0\0\0\0\0\3\0(\0\1\0\0\0004\312\0\0004\0\0\0"..., 512) = 512
lseek(3, 195380, SEEK_SET)              = 195380
read(3, "\0\0\0\0\0\0\0\0\0\0\0\0\0\0\0\0\0\0\0\0\0\0\0\0\0\0\0\0\0\0\0\0"..., 1040) = 1040
lseek(3, 195108, SEEK_SET)              = 195108
read(3, "A0\0\0\0aeabi\0\1&\0\0\0\0056\0\6\6\10\1\t\1\n\2\22\4\24\1\25"..., 49) = 49
fstat64(3, {st_mode=S_IFREG|0644, st_size=196420, ...}) = 0
mmap2(NULL, 232412, PROT_READ|PROT_EXEC, MAP_PRIVATE|MAP_DENYWRITE, 3, 0) = 0xb6e7b000
mprotect(0xb6ea8000, 28672, PROT_NONE)  = 0
mmap2(0xb6eaf000, 16384, PROT_READ|PROT_WRITE, MAP_PRIVATE|MAP_FIXED|MAP_DENYWRITE, 3, 0x2c) = 0xb6eaf000
mmap2(0xb6eb3000, 3036, PROT_READ|PROT_WRITE, MAP_PRIVATE|MAP_FIXED|MAP_ANONYMOUS, -1, 0) = 0xb6eb3000
close(3)                                = 0
access("/etc/ld.so.nohwcap", F_OK)      = -1 ENOENT (No such file or directory)
open("/lib/arm-linux-gnueabihf/libc.so.6", O_RDONLY) = 3
read(3, "\177ELF\1\1\1\0\0\0\0\0\0\0\0\0\3\0(\0\1\0\0\0\210y\1\0004\0\0\0"..., 512) = 512
lseek(3, 1202976, SEEK_SET)             = 1202976
read(3, "\0\0\0\0\0\0\0\0\0\0\0\0\0\0\0\0\0\0\0\0\0\0\0\0\0\0\0\0\0\0\0\0"..., 1360) = 1360
lseek(3, 1202540, SEEK_SET)             = 1202540
read(3, "A.\0\0\0aeabi\0\1$\0\0\0\0056\0\6\6\10\1\t\1\n\2\22\4\24\1\25"..., 47) = 47
fstat64(3, {st_mode=S_IFREG|0755, st_size=1204336, ...}) = 0
mmap2(NULL, 1246496, PROT_READ|PROT_EXEC, MAP_PRIVATE|MAP_DENYWRITE, 3, 0) = 0xb6d4a000
mprotect(0xb6e6e000, 28672, PROT_NONE)  = 0
mmap2(0xb6e75000, 12288, PROT_READ|PROT_WRITE, MAP_PRIVATE|MAP_FIXED|MAP_DENYWRITE, 3, 0x123) = 0xb6e75000
mmap2(0xb6e78000, 9504, PROT_READ|PROT_WRITE, MAP_PRIVATE|MAP_FIXED|MAP_ANONYMOUS, -1, 0) = 0xb6e78000
close(3)                                = 0
access("/etc/ld.so.nohwcap", F_OK)      = -1 ENOENT (No such file or directory)
open("/lib/arm-linux-gnueabihf/libdl.so.2", O_RDONLY) = 3
read(3, "\177ELF\1\1\1\0\0\0\0\0\0\0\0\0\3\0(\0\1\0\0\0(\t\0\0004\0\0\0"..., 512) = 512
lseek(3, 8652, SEEK_SET)                = 8652
read(3, "\0\0\0\0\0\0\0\0\0\0\0\0\0\0\0\0\0\0\0\0\0\0\0\0\0\0\0\0\0\0\0\0"..., 1160) = 1160
lseek(3, 8320, SEEK_SET)                = 8320
read(3, "A0\0\0\0aeabi\0\1&\0\0\0\0056\0\6\6\10\1\t\1\n\2\22\4\24\1\25"..., 49) = 49
fstat64(3, {st_mode=S_IFREG|0644, st_size=9812, ...}) = 0
mmap2(NULL, 4096, PROT_READ|PROT_WRITE, MAP_PRIVATE|MAP_ANONYMOUS, -1, 0) = 0xb6f35000
mmap2(NULL, 41136, PROT_READ|PROT_EXEC, MAP_PRIVATE|MAP_DENYWRITE, 3, 0) = 0xb6d3f000
mprotect(0xb6d41000, 28672, PROT_NONE)  = 0
mmap2(0xb6d48000, 8192, PROT_READ|PROT_WRITE, MAP_PRIVATE|MAP_FIXED|MAP_DENYWRITE, 3, 0x1) = 0xb6d48000
close(3)                                = 0
mmap2(NULL, 4096, PROT_READ|PROT_WRITE, MAP_PRIVATE|MAP_ANONYMOUS, -1, 0) = 0xb6f34000
set_tls(0xb6f344c0, 0xb6f34b98, 0xb6f39048, 0xb6f344c0, 0xb6f39048) = 0
mprotect(0xb6d48000, 4096, PROT_READ)   = 0
mprotect(0xb6e75000, 8192, PROT_READ)   = 0
mprotect(0xb6ed5000, 8192, PROT_READ)   = 0
mprotect(0xb6ef9000, 4096, PROT_READ)   = 0
mprotect(0x1d000, 4096, PROT_READ)      = 0
mprotect(0xb6f38000, 4096, PROT_READ)   = 0
munmap(0xb6efb000, 56475)               = 0
rt_sigaction(SIGINT, {0xc318, [INT], SA_RESTART|0x4000000}, {SIG_DFL, [], 0}, 8) = 0
rt_sigaction(SIGTERM, {0xc318, [TERM], SA_RESTART|0x4000000}, {SIG_DFL, [], 0}, 8) = 0
open("/var/run/wpa_supplicant", O_RDONLY|O_NONBLOCK|O_LARGEFILE|O_DIRECTORY|O_CLOEXEC) = 3
fcntl64(3, F_GETFD)                     = 0x1 (flags FD_CLOEXEC)
brk(0)                                  = 0x1fba000
brk(0x1fe3000)                          = 0x1fe3000
getdents(3, /* 3 entries */, 32768)     = 52
fstat64(1, {st_mode=S_IFCHR|0620, st_rdev=makedev(136, 0), ...}) = 0
mmap2(NULL, 4096, PROT_READ|PROT_WRITE, MAP_PRIVATE|MAP_ANONYMOUS, -1, 0) = 0xb6f33000
write(1, "Selected interface 'wlan0'\n", 27) = 27
close(3)                                = 0
socket(PF_FILE, SOCK_DGRAM, 0)          = 3
getpid()                                = 15963
bind(3, {sa_family=AF_FILE, path="/tmp/wpa_ctrl_15963-1"}, 110) = 0
connect(3, {sa_family=AF_FILE, path="/var/run/wpa_supplicant/wlan0"}, 110) = 0
send(3, "WPS_PBC", 7, 0)                = 7
select(4, [3], NULL, NULL, {10, 0})     = 1 (in [3], left {9, 999971})
recv(3, "OK\n", 2047, 0)                = 3
write(1, "OK\n", 3)                     = 3
gettimeofday({1444601874, 134996}, NULL) = 0
unlink("/tmp/wpa_ctrl_15963-1")         = 0
close(3)                                = 0
exit_group(0)                           = ?
